<?xml version="1.0" encoding="UTF-8"?>
<!-- Generated by org.testng.reporters.JUnitXMLReporter -->
<testsuite ignored="0" hostname="LAPTOP-HQ2VB7SH" failures="0" tests="4" name="Default test" time="4.22" errors="0" timestamp="2024-09-05T13:19:15 AST">
  <testcase classname="homePage.MyTestCases" name="CheckTheDefaultLanguageIsEnglish" time="0.092"/>
  <testcase classname="homePage.MyTestCases" name="CheckDefaultCurrency" time="0.044"/>
  <testcase classname="homePage.MyTestCases" name="CheckContactNumber" time="0.033"/>
  <testcase classname="homePage.MyTestCases" name="CheckTheLogo" time="0.054"/>
</testsuite> <!-- Default test -->
