<?xml version="1.0" encoding="UTF-8"?>
<!-- Generated by org.testng.reporters.JUnitXMLReporter -->
<testsuite ignored="0" hostname="LAPTOP-HQ2VB7SH" failures="0" tests="7" name="Default test" time="6.41" errors="0" timestamp="2024-09-06T17:21:06 AST">
  <testcase classname="homePage.MyTestCases" name="CheckTheDefaultLanguageIsEnglish" time="0.066"/>
  <testcase classname="homePage.MyTestCases" name="CheckDefaultCurrency" time="0.051"/>
  <testcase classname="homePage.MyTestCases" name="CheckContactNumber" time="0.038"/>
  <testcase classname="homePage.MyTestCases" name="CheckTheLogo" time="0.049"/>
  <testcase classname="homePage.MyTestCases" name="TestHotelTabIsNotSelected" time="0.04"/>
  <testcase classname="homePage.MyTestCases" name="checkFlightDepartureDate" time="0.045"/>
  <testcase classname="homePage.MyTestCases" name="RandomlyChangeTheLanguage" time="0.907"/>
</testsuite> <!-- Default test -->
