<?xml version="1.0" encoding="UTF-8"?>
<testng-results ignored="0" total="7" passed="7" failed="0" skipped="0">
  <reporter-output>
  </reporter-output>
  <suite started-at="2024-09-06T17:21:00 AST" name="Default suite" finished-at="2024-09-06T17:21:06 AST" duration-ms="6410">
    <groups>
    </groups>
    <test started-at="2024-09-06T17:21:00 AST" name="Default test" finished-at="2024-09-06T17:21:06 AST" duration-ms="6410">
      <class name="homePage.MyTestCases">
        <test-method is-config="true" signature="MySetup()[pri:0, instance:homePage.MyTestCases@3e2943ab]" started-at="2024-09-06T17:21:00 AST" name="MySetup" finished-at="2024-09-06T17:21:05 AST" duration-ms="5158" status="PASS">
          <reporter-output>
          </reporter-output>
        </test-method> <!-- MySetup -->
        <test-method signature="CheckTheDefaultLanguageIsEnglish()[pri:1, instance:homePage.MyTestCases@3e2943ab]" started-at="2024-09-06T17:21:05 AST" name="CheckTheDefaultLanguageIsEnglish" finished-at="2024-09-06T17:21:05 AST" duration-ms="66" status="PASS">
          <reporter-output>
          </reporter-output>
        </test-method> <!-- CheckTheDefaultLanguageIsEnglish -->
        <test-method signature="CheckDefaultCurrency()[pri:2, instance:homePage.MyTestCases@3e2943ab]" started-at="2024-09-06T17:21:05 AST" name="CheckDefaultCurrency" finished-at="2024-09-06T17:21:05 AST" duration-ms="51" status="PASS">
          <reporter-output>
          </reporter-output>
        </test-method> <!-- CheckDefaultCurrency -->
        <test-method signature="CheckContactNumber()[pri:3, instance:homePage.MyTestCases@3e2943ab]" started-at="2024-09-06T17:21:05 AST" name="CheckContactNumber" finished-at="2024-09-06T17:21:05 AST" duration-ms="38" status="PASS">
          <reporter-output>
          </reporter-output>
        </test-method> <!-- CheckContactNumber -->
        <test-method signature="CheckTheLogo()[pri:4, instance:homePage.MyTestCases@3e2943ab]" started-at="2024-09-06T17:21:05 AST" name="CheckTheLogo" finished-at="2024-09-06T17:21:05 AST" duration-ms="49" status="PASS">
          <reporter-output>
          </reporter-output>
        </test-method> <!-- CheckTheLogo -->
        <test-method signature="TestHotelTabIsNotSelected()[pri:5, instance:homePage.MyTestCases@3e2943ab]" started-at="2024-09-06T17:21:05 AST" name="TestHotelTabIsNotSelected" finished-at="2024-09-06T17:21:05 AST" duration-ms="40" status="PASS">
          <reporter-output>
          </reporter-output>
        </test-method> <!-- TestHotelTabIsNotSelected -->
        <test-method signature="checkFlightDepartureDate()[pri:6, instance:homePage.MyTestCases@3e2943ab]" started-at="2024-09-06T17:21:05 AST" name="checkFlightDepartureDate" finished-at="2024-09-06T17:21:05 AST" duration-ms="45" status="PASS">
          <reporter-output>
          </reporter-output>
        </test-method> <!-- checkFlightDepartureDate -->
        <test-method signature="RandomlyChangeTheLanguage()[pri:7, instance:homePage.MyTestCases@3e2943ab]" started-at="2024-09-06T17:21:05 AST" name="RandomlyChangeTheLanguage" finished-at="2024-09-06T17:21:06 AST" duration-ms="907" status="PASS">
          <reporter-output>
          </reporter-output>
        </test-method> <!-- RandomlyChangeTheLanguage -->
      </class> <!-- homePage.MyTestCases -->
    </test> <!-- Default test -->
  </suite> <!-- Default suite -->
</testng-results>
