<?xml version="1.0" encoding="UTF-8"?>
<testng-results ignored="0" total="4" passed="4" failed="0" skipped="0">
  <reporter-output>
  </reporter-output>
  <suite started-at="2024-09-05T13:19:11 AST" name="Default suite" finished-at="2024-09-05T13:19:15 AST" duration-ms="4220">
    <groups>
    </groups>
    <test started-at="2024-09-05T13:19:11 AST" name="Default test" finished-at="2024-09-05T13:19:15 AST" duration-ms="4220">
      <class name="homePage.MyTestCases">
        <test-method is-config="true" signature="MySetup()[pri:0, instance:homePage.MyTestCases@184497d1]" started-at="2024-09-05T13:19:11 AST" name="MySetup" finished-at="2024-09-05T13:19:15 AST" duration-ms="3936" status="PASS">
          <reporter-output>
          </reporter-output>
        </test-method> <!-- MySetup -->
        <test-method signature="CheckTheDefaultLanguageIsEnglish()[pri:1, instance:homePage.MyTestCases@184497d1]" started-at="2024-09-05T13:19:15 AST" name="CheckTheDefaultLanguageIsEnglish" finished-at="2024-09-05T13:19:15 AST" duration-ms="92" status="PASS">
          <reporter-output>
          </reporter-output>
        </test-method> <!-- CheckTheDefaultLanguageIsEnglish -->
        <test-method signature="CheckDefaultCurrency()[pri:2, instance:homePage.MyTestCases@184497d1]" started-at="2024-09-05T13:19:15 AST" name="CheckDefaultCurrency" finished-at="2024-09-05T13:19:15 AST" duration-ms="44" status="PASS">
          <reporter-output>
          </reporter-output>
        </test-method> <!-- CheckDefaultCurrency -->
        <test-method signature="CheckContactNumber()[pri:3, instance:homePage.MyTestCases@184497d1]" started-at="2024-09-05T13:19:15 AST" name="CheckContactNumber" finished-at="2024-09-05T13:19:15 AST" duration-ms="33" status="PASS">
          <reporter-output>
          </reporter-output>
        </test-method> <!-- CheckContactNumber -->
        <test-method signature="CheckTheLogo()[pri:4, instance:homePage.MyTestCases@184497d1]" started-at="2024-09-05T13:19:15 AST" name="CheckTheLogo" finished-at="2024-09-05T13:19:15 AST" duration-ms="54" status="PASS">
          <reporter-output>
          </reporter-output>
        </test-method> <!-- CheckTheLogo -->
      </class> <!-- homePage.MyTestCases -->
    </test> <!-- Default test -->
  </suite> <!-- Default suite -->
</testng-results>
